Warning[205] C:\USERS\TOMATE\DOCUMENTS\DIEGOUNAL\LABORATORIO01.X\LABORATORIO01.ASM 2 : Found directive in column 1. (include)
Warning[203] C:\USERS\TOMATE\DOCUMENTS\DIEGOUNAL\LABORATORIO01.X\LABORATORIO01.ASM 16 : Found opcode in column 1. (movlw)
Warning[203] C:\USERS\TOMATE\DOCUMENTS\DIEGOUNAL\LABORATORIO01.X\LABORATORIO01.ASM 17 : Found opcode in column 1. (movwf)
Warning[203] C:\USERS\TOMATE\DOCUMENTS\DIEGOUNAL\LABORATORIO01.X\LABORATORIO01.ASM 18 : Found opcode in column 1. (movf)
Warning[203] C:\USERS\TOMATE\DOCUMENTS\DIEGOUNAL\LABORATORIO01.X\LABORATORIO01.ASM 19 : Found opcode in column 1. (addlw)
Warning[203] C:\USERS\TOMATE\DOCUMENTS\DIEGOUNAL\LABORATORIO01.X\LABORATORIO01.ASM 20 : Found opcode in column 1. (movwf)
Warning[203] C:\USERS\TOMATE\DOCUMENTS\DIEGOUNAL\LABORATORIO01.X\LABORATORIO01.ASM 23 : Found opcode in column 1. (movlw)
Warning[203] C:\USERS\TOMATE\DOCUMENTS\DIEGOUNAL\LABORATORIO01.X\LABORATORIO01.ASM 24 : Found opcode in column 1. (movwf)
Warning[203] C:\USERS\TOMATE\DOCUMENTS\DIEGOUNAL\LABORATORIO01.X\LABORATORIO01.ASM 25 : Found opcode in column 1. (movlw)
Warning[203] C:\USERS\TOMATE\DOCUMENTS\DIEGOUNAL\LABORATORIO01.X\LABORATORIO01.ASM 26 : Found opcode in column 1. (movwf)
Warning[203] C:\USERS\TOMATE\DOCUMENTS\DIEGOUNAL\LABORATORIO01.X\LABORATORIO01.ASM 27 : Found opcode in column 1. (movf)
Warning[203] C:\USERS\TOMATE\DOCUMENTS\DIEGOUNAL\LABORATORIO01.X\LABORATORIO01.ASM 28 : Found opcode in column 1. (addwf)
Warning[203] C:\USERS\TOMATE\DOCUMENTS\DIEGOUNAL\LABORATORIO01.X\LABORATORIO01.ASM 31 : Found opcode in column 1. (movlw)
Warning[203] C:\USERS\TOMATE\DOCUMENTS\DIEGOUNAL\LABORATORIO01.X\LABORATORIO01.ASM 32 : Found opcode in column 1. (movwf)
Warning[203] C:\USERS\TOMATE\DOCUMENTS\DIEGOUNAL\LABORATORIO01.X\LABORATORIO01.ASM 33 : Found opcode in column 1. (movf)
Warning[203] C:\USERS\TOMATE\DOCUMENTS\DIEGOUNAL\LABORATORIO01.X\LABORATORIO01.ASM 34 : Found opcode in column 1. (sublw)
Warning[203] C:\USERS\TOMATE\DOCUMENTS\DIEGOUNAL\LABORATORIO01.X\LABORATORIO01.ASM 35 : Found opcode in column 1. (movwf)
Warning[203] C:\USERS\TOMATE\DOCUMENTS\DIEGOUNAL\LABORATORIO01.X\LABORATORIO01.ASM 38 : Found opcode in column 1. (movlw)
Warning[203] C:\USERS\TOMATE\DOCUMENTS\DIEGOUNAL\LABORATORIO01.X\LABORATORIO01.ASM 39 : Found opcode in column 1. (movwf)
Warning[203] C:\USERS\TOMATE\DOCUMENTS\DIEGOUNAL\LABORATORIO01.X\LABORATORIO01.ASM 40 : Found opcode in column 1. (movlw)
Warning[203] C:\USERS\TOMATE\DOCUMENTS\DIEGOUNAL\LABORATORIO01.X\LABORATORIO01.ASM 41 : Found opcode in column 1. (movwf)
Warning[203] C:\USERS\TOMATE\DOCUMENTS\DIEGOUNAL\LABORATORIO01.X\LABORATORIO01.ASM 42 : Found opcode in column 1. (movf)
Warning[203] C:\USERS\TOMATE\DOCUMENTS\DIEGOUNAL\LABORATORIO01.X\LABORATORIO01.ASM 43 : Found opcode in column 1. (subwf)
Warning[203] C:\USERS\TOMATE\DOCUMENTS\DIEGOUNAL\LABORATORIO01.X\LABORATORIO01.ASM 46 : Found opcode in column 1. (movlw)
Warning[203] C:\USERS\TOMATE\DOCUMENTS\DIEGOUNAL\LABORATORIO01.X\LABORATORIO01.ASM 47 : Found opcode in column 1. (movwf)
Warning[203] C:\USERS\TOMATE\DOCUMENTS\DIEGOUNAL\LABORATORIO01.X\LABORATORIO01.ASM 48 : Found opcode in column 1. (movf)
Warning[203] C:\USERS\TOMATE\DOCUMENTS\DIEGOUNAL\LABORATORIO01.X\LABORATORIO01.ASM 49 : Found opcode in column 1. (mullw)
Warning[203] C:\USERS\TOMATE\DOCUMENTS\DIEGOUNAL\LABORATORIO01.X\LABORATORIO01.ASM 50 : Found opcode in column 1. (movf)
Warning[203] C:\USERS\TOMATE\DOCUMENTS\DIEGOUNAL\LABORATORIO01.X\LABORATORIO01.ASM 53 : Found opcode in column 1. (movlw)
Warning[203] C:\USERS\TOMATE\DOCUMENTS\DIEGOUNAL\LABORATORIO01.X\LABORATORIO01.ASM 54 : Found opcode in column 1. (movwf)
Warning[203] C:\USERS\TOMATE\DOCUMENTS\DIEGOUNAL\LABORATORIO01.X\LABORATORIO01.ASM 55 : Found opcode in column 1. (movlw)
Warning[203] C:\USERS\TOMATE\DOCUMENTS\DIEGOUNAL\LABORATORIO01.X\LABORATORIO01.ASM 56 : Found opcode in column 1. (movwf)
Warning[203] C:\USERS\TOMATE\DOCUMENTS\DIEGOUNAL\LABORATORIO01.X\LABORATORIO01.ASM 57 : Found opcode in column 1. (movf)
Warning[203] C:\USERS\TOMATE\DOCUMENTS\DIEGOUNAL\LABORATORIO01.X\LABORATORIO01.ASM 58 : Found opcode in column 1. (mulwf)
Warning[203] C:\USERS\TOMATE\DOCUMENTS\DIEGOUNAL\LABORATORIO01.X\LABORATORIO01.ASM 61 : Found opcode in column 1. (movlw)
Warning[203] C:\USERS\TOMATE\DOCUMENTS\DIEGOUNAL\LABORATORIO01.X\LABORATORIO01.ASM 62 : Found opcode in column 1. (movwf)
Warning[203] C:\USERS\TOMATE\DOCUMENTS\DIEGOUNAL\LABORATORIO01.X\LABORATORIO01.ASM 63 : Found opcode in column 1. (comf)
Warning[203] C:\USERS\TOMATE\DOCUMENTS\DIEGOUNAL\LABORATORIO01.X\LABORATORIO01.ASM 66 : Found opcode in column 1. (movlw)
Warning[203] C:\USERS\TOMATE\DOCUMENTS\DIEGOUNAL\LABORATORIO01.X\LABORATORIO01.ASM 67 : Found opcode in column 1. (movwf)
Warning[203] C:\USERS\TOMATE\DOCUMENTS\DIEGOUNAL\LABORATORIO01.X\LABORATORIO01.ASM 68 : Found opcode in column 1. (negf)
Warning[203] C:\USERS\TOMATE\DOCUMENTS\DIEGOUNAL\LABORATORIO01.X\LABORATORIO01.ASM 71 : Found opcode in column 1. (movlw)
Warning[203] C:\USERS\TOMATE\DOCUMENTS\DIEGOUNAL\LABORATORIO01.X\LABORATORIO01.ASM 72 : Found opcode in column 1. (movwf)
Warning[203] C:\USERS\TOMATE\DOCUMENTS\DIEGOUNAL\LABORATORIO01.X\LABORATORIO01.ASM 73 : Found opcode in column 1. (movf)
Warning[203] C:\USERS\TOMATE\DOCUMENTS\DIEGOUNAL\LABORATORIO01.X\LABORATORIO01.ASM 74 : Found opcode in column 1. (iorlw)
Warning[203] C:\USERS\TOMATE\DOCUMENTS\DIEGOUNAL\LABORATORIO01.X\LABORATORIO01.ASM 77 : Found opcode in column 1. (movlw)
Warning[203] C:\USERS\TOMATE\DOCUMENTS\DIEGOUNAL\LABORATORIO01.X\LABORATORIO01.ASM 78 : Found opcode in column 1. (movwf)
Warning[203] C:\USERS\TOMATE\DOCUMENTS\DIEGOUNAL\LABORATORIO01.X\LABORATORIO01.ASM 79 : Found opcode in column 1. (movlw)
Warning[203] C:\USERS\TOMATE\DOCUMENTS\DIEGOUNAL\LABORATORIO01.X\LABORATORIO01.ASM 80 : Found opcode in column 1. (movwf)
Warning[203] C:\USERS\TOMATE\DOCUMENTS\DIEGOUNAL\LABORATORIO01.X\LABORATORIO01.ASM 81 : Found opcode in column 1. (movf)
Warning[203] C:\USERS\TOMATE\DOCUMENTS\DIEGOUNAL\LABORATORIO01.X\LABORATORIO01.ASM 82 : Found opcode in column 1. (iorwf)
Warning[203] C:\USERS\TOMATE\DOCUMENTS\DIEGOUNAL\LABORATORIO01.X\LABORATORIO01.ASM 84 : Found opcode in column 1. (goto)
Warning[205] C:\USERS\TOMATE\DOCUMENTS\DIEGOUNAL\LABORATORIO01.X\LABORATORIO01.ASM 85 : Found directive in column 1. (end)
